[sites.google.com/site/ceue2010/index.html]
[www.gstatic.com/sites/p/4609d5/system/app/images/apple-touch-icon.png]
[backblue.gif]
[fade.gif]
[index.html]
[www.gstatic.com/sites/p/4609d5/system/app/images/cleardot.gif]
[sites.google.com/site/ceue2010/_/rsrc/1255990241920/config/app/images/customLogo/customLogoc7fe.png]
[sites.google.com/site/ceue2010/debate.html]
[sites.google.com/site/ceue2010/debate/perguntas-da-junta.html]
[sites.google.com/site/ceue2010/debate/debate-direto.html]
[sites.google.com/site/ceue2010/debate/perguntas-da-plateia.html]
[sites.google.com/site/ceue2010/eleicoes.html]
[sites.google.com/site/ceue2010/eleicoes/eleicoes-para-conselheiros.html]
[sites.google.com/site/ceue2010/eleicoes/eleicoes-para-conselheiros/conselheiros.html]
[sites.google.com/site/ceue2010/eleicoes/eleicoes-para-o-ceue.html]
[sites.google.com/site/ceue2010/eleicoes/eleicoes-para-o-ceue/chapas.html]
[sites.google.com/site/ceue2010/eleicoes/eleicoes-para-o-ceue/chapa-2.html]
[sites.google.com/site/ceue2010/eleicoes/eleicoes-para-subcentros.html]
[sites.google.com/site/ceue2010/eleicoes/eleicoes-para-subcentros/chapas.html]
[sites.google.com/site/ceue2010/eleicoes/eleicoes-para-subcentros/eng-mecanica.html]
[sites.google.com/site/ceue2010/eleicoes/eleicoes-para-subcentros/eng-m.html]
[sites.google.com/site/ceue2010/eleicoes/eleicoes-para-subcentros/eng-de-materiais.html]
[sites.google.com/site/ceue2010/eleicoes/eleicoes-para-subcentros/eng-eletrica.html]
[sites.google.com/site/ceue2010/eleicoes/eleicoes-para-subcentros/eng-metalurgica.html]
[sites.google.com/site/ceue2010/eleicoes/eleicoes-para-subcentros/eng-quimica.html]
[sites.google.com/site/ceue2010/documentos.html]
[sites.google.com/site/ceue2010/horarios-para-inscricoes.html]
[sites.google.com/site/ceue2010/resultados.html]
[sites.google.com/site/subcentroproducao/config/app/images/Imagem1.1c6fb5.delayed]
[2851197159636577146-a-1802744773732722657-s-sites.googlegroups.com/site/subcentroproducao/config/app/images/Imagem1f93e.jpg]
[sites.google.com/site/subcentroproducao/_/rsrc/1255148281856/config/app/images/Imagem1d985.jpg]
[2851197159636577146-a-1802744773732722657-s-sites.googlegroups.com/site/subcentroproducao/ceue/Imagem4.1f3221.delayed]
[sites.google.com/site/subcentroproducao/ceue/Imagem4.20367e.delayed]
[2851197159636577146-a-1802744773732722657-s-sites.googlegroups.com/site/subcentroproducao/ceue/Imagem4a64c.png]
[sites.google.com/site/ceue2010/system/app/pages/recentChanges.html]
[sites.google.com/site/ceue2010/system/app/pages/reportAbusec86e.html]
[www.gstatic.com/sites/p/4609d5/system/js/jot_min_view__pt_br.js]
[sites.google.com/site/ceue2010/_/tz.27.delayed]
[sites.google.com/site/ceue2010/index.html]
[ssl.gstatic.com/editor/bubble2_tr.gif]
[www.gstatic.com/sites/p/4609d5/system/app/css/trogedit.css]
[sites.google.com/site/ceue2010/_/rsrc/1291063356000/system/app/images/toolbar-check.gif]
[sites.google.com/site/ceue2010/_/rsrc/1291063356000/system/app/images/toolbar2.gif]
[sites.google.com/site/ceue2010/_/rsrc/1291063356000/system/app/images/formatblock-menu-icons.gif]
[sites.google.com/site/ceue2010/_/rsrc/1291063356000/system/app/css/editor.css]
[ssl.gstatic.com/editor/button-bg.png]
[www.gstatic.com/sites/p/4609d5/system/app/themes/notebook/standard-css-notebook-ltr-ltr.css]
[sites.google.com/site/ceue2010/_/rsrc/1291063356000/system/app/css/overlaybbb3.css]
[sites.google.com/site/ceue2010/home.html]
[sites.google.com/site/ceue2010/debate/fotos.html]
[sites.google.com/site/ceue2010/debate/fotos-1.html]
[sites.google.com/site/ceue2010/debate.html]
[sites.google.com/site/ceue2010/system/app/pages/reportAbuse9c48.html]
[sites.google.com/site/ceue2010/debate/perguntas-da-junta.html]
[sites.google.com/site/ceue2010/system/app/pages/reportAbuseef46.html]
[sites.google.com/site/ceue2010/debate/debate-direto.html]
[sites.google.com/site/ceue2010/system/app/pages/reportAbused67d.html]
[sites.google.com/site/ceue2010/debate/perguntas-da-plateia.html]
[sites.google.com/site/ceue2010/system/app/pages/reportAbusebc7a.html]
[sites.google.com/site/ceue2010/eleicoes.html]
[sites.google.com/site/ceue2010/system/app/pages/reportAbuse3f38.html]
[sites.google.com/site/ceue2010/documentos/EditaldasEleições.356fb5.delayed]
[sites.google.com/site/ceue2010/eleicoes/eleicoes-para-conselheiros.html]
[sites.google.com/site/ceue2010/system/app/pages/reportAbuse44ee.html]
[sites.google.com/site/ceue2010/eleicoes/eleicoes-para-conselheiros/conselheiros.html]
[sites.google.com/site/ceue2010/system/app/pages/reportAbusead17.html]
[sites.google.com/site/ceue2010/eleicoes/eleicoes-para-o-ceue.html]
[sites.google.com/site/ceue2010/system/app/pages/reportAbuse84c3.html]
[sites.google.com/site/ceue2010/eleicoes/eleicoes-para-o-ceue/chapas.html]
[sites.google.com/site/ceue2010/system/app/pages/reportAbuse9a83.html]
[sites.google.com/site/ceue2010/eleicoes/eleicoes-para-o-ceue/chapa-2.html]
[sites.google.com/site/ceue2010/system/app/pages/reportAbusefb69.html]
[sites.google.com/site/ceue2010/eleicoes/eleicoes-para-subcentros.html]
[sites.google.com/site/ceue2010/system/app/pages/reportAbuse0ba7.html]
[sites.google.com/site/ceue2010/eleicoes/eleicoes-para-subcentros/chapas.html]
[sites.google.com/site/ceue2010/system/app/pages/reportAbuse6ec4.html]
[sites.google.com/site/ceue2010/eleicoes/eleicoes-para-subcentros/eng-mecanica.html]
[sites.google.com/site/ceue2010/system/app/pages/reportAbusee1e6.html]
[sites.google.com/site/ceue2010/eleicoes/eleicoes-para-subcentros/eng-m.html]
[sites.google.com/site/ceue2010/system/app/pages/reportAbuse0935.html]
[sites.google.com/site/ceue2010/eleicoes/eleicoes-para-subcentros/eng-de-materiais.html]
[sites.google.com/site/ceue2010/system/app/pages/reportAbusee7ea.html]
[sites.google.com/site/ceue2010/eleicoes/eleicoes-para-subcentros/eng-eletrica.html]
[sites.google.com/site/ceue2010/system/app/pages/reportAbuse95fd.html]
[sites.google.com/site/ceue2010/eleicoes/eleicoes-para-subcentros/eng-metalurgica.html]
[sites.google.com/site/ceue2010/system/app/pages/reportAbusefefd.html]
[sites.google.com/site/ceue2010/eleicoes/eleicoes-para-subcentros/eng-quimica.html]
[sites.google.com/site/ceue2010/system/app/pages/reportAbuse9963.html]
[sites.google.com/site/ceue2010/system/app/images/attach_icons/icon_pdf.gif]
[sites.google.com/site/ceue2010/documentos/ApoiadoresdaschapasdosSubcentros.469a1b.delayed]
[sites.google.com/site/ceue2010/documentos/ApoiadoresdasChapas.479a1b.delayed]
[sites.google.com/site/ceue2010/documentos/ConselhodoCEUE.489a1b.delayed]
[sites.google.com/site/ceue2010/documentos/EditaldasEleições.499a1b.delayed]
[sites.google.com/site/ceue2010/documentos/estatuto_ceue.4a9a1b.delayed]
[sites.google.com/site/ceue2010/documentos/FichadeinscriçãodachapanoCEUE.4b9a1b.delayed]
[sites.google.com/site/ceue2010/documentos/FichadeinscriçãonaschapasdosSubcentros.4c9a1b.delayed]
[sites.google.com/site/ceue2010/documentos/ListagemdosSubcentros.4d9a1b.delayed]
[sites.google.com/site/ceue2010/system/app/pages/admin/revisions.4e56ae.delayed]
[www.gstatic.com/sites/p/4609d5/system/app/images/attach_icons/icon_page.gif]
[www.gstatic.com/sites/p/4609d5/system/app/images/attach_icons/icon_img.gif]
[www.gstatic.com/sites/p/4609d5/system/app/images/attach_icons/icon_pdf.gif]
[www.gstatic.com/sites/p/4609d5/system/app/images/attach_icons/icon_word.gif]
[www.gstatic.com/sites/p/4609d5/system/app/images/attach_icons/icon_xls.gif]
[www.gstatic.com/sites/p/4609d5/system/app/images/attach_icons/icon_ppt.gif]
[www.gstatic.com/sites/p/4609d5/system/app/images/attach_icons/icon_youtube.gif]
[www.gstatic.com/sites/p/4609d5/system/app/images/attach_icons/icon_picasa.gif]
[www.gstatic.com/sites/p/4609d5/system/app/images/attach_icons/icon_cal.gif]
[www.gstatic.com/sites/p/4609d5/system/app/images/attach_icons/icon_spread.gif]
[www.gstatic.com/sites/p/4609d5/system/app/images/attach_icons/icon_video.gif]
[www.gstatic.com/sites/p/4609d5/system/app/images/attach_icons/icon_sites.gif]
[www.gstatic.com/sites/p/4609d5/system/app/images/attach_icons/icon_doc.gif]
[www.gstatic.com/sites/p/4609d5/system/app/images/attach_icons/icon_presentation.gif]
[sites.google.com/site/ceue2010/system/app/pages/reportAbuse02ec.html]
[www.gstatic.com/sites/p/4609d5/system/js/jot_min_filecabinet_view__pt_br.js]
[sites.google.com/site/ceue2010/documentos.html]
[sites.google.com/site/ceue2010/horarios-para-inscricoes.html]
[sites.google.com/site/ceue2010/system/app/pages/reportAbuseb919.html]
[sites.google.com/site/ceue2010/resultados/CEEMA.609a1b.delayed]
[sites.google.com/site/ceue2010/resultados/ConselhoEle.619a1b.delayed]
[sites.google.com/site/ceue2010/resultados/ConselhoEngQui.629a1b.delayed]
[sites.google.com/site/ceue2010/resultados/ConselhoMateriais.639a1b.delayed]
[sites.google.com/site/ceue2010/resultados/ConselhoMec.649a1b.delayed]
[sites.google.com/site/ceue2010/resultados/ConselhoMetal.659a1b.delayed]
[sites.google.com/site/ceue2010/resultados/ConselhoProd.669a1b.delayed]
[sites.google.com/site/ceue2010/resultados/ResultadoCEUE.679a1b.delayed]
[sites.google.com/site/ceue2010/resultados/SEQUI.689a1b.delayed]
[sites.google.com/site/ceue2010/resultados/SUBELE.699a1b.delayed]
[sites.google.com/site/ceue2010/resultados/SUBMETAL.6a9a1b.delayed]
[sites.google.com/site/ceue2010/resultados/SUBMINAS.6b9a1b.delayed]
[sites.google.com/site/ceue2010/resultados.html]
[sites.google.com/site/ceue2010/system/app/pages/reportAbusef1c4.html]
[sites.google.com/site/ceue2010/activity.xml]
[sites.google.com/site/ceue2010/system.html]
[sites.google.com/site/ceue2010/system/app.html]
[sites.google.com/site/ceue2010/system/app/pages.html]
[sites.google.com/site/ceue2010/resultados/ConselhoProd.716fb5.delayed]
[sites.google.com/site/ceue2010/resultados/ConselhoMetal.726fb5.delayed]
[sites.google.com/site/ceue2010/resultados/ConselhoMec.736fb5.delayed]
[sites.google.com/site/ceue2010/resultados/ConselhoMateriais.746fb5.delayed]
[sites.google.com/site/ceue2010/resultados/ConselhoEngQui.756fb5.delayed]
[sites.google.com/site/ceue2010/resultados/ConselhoEle.766fb5.delayed]
[sites.google.com/site/ceue2010/resultados/SUBMINAS.776fb5.delayed]
[sites.google.com/site/ceue2010/resultados/SUBMETAL.786fb5.delayed]
[sites.google.com/site/ceue2010/resultados/SUBELE.796fb5.delayed]
[sites.google.com/site/ceue2010/resultados/SEQUI.7a6fb5.delayed]
[sites.google.com/site/ceue2010/resultados/CEEMA.7b6fb5.delayed]
[sites.google.com/site/ceue2010/system/errors/NodeNotFounde928.html]
[sites.google.com/site/ceue2010/system/errors/NodeNotFound8eb2.html]
[sites.google.com/site/ceue2010/resultados/ResultadoCEUE.7e6fb5.delayed]
[sites.google.com/site/ceue2010/sugestoes-para-2010.html]
[sites.google.com/site/ceue2010/system/app/pages/recentChanges4c30.html]
[sites.google.com/site/ceue2010/system/app/pages/recentChanges.html]
[sites.google.com/site/ceue2010/system/app/pages/reportAbuse2039.html]
[www.gstatic.com/sites/p/4609d5/system/js/jot_min__pt_pt.js]
[www.gstatic.com/sites/p/4609d5/system/app/images/logo/logo__pt_pt.gif]
[sites.google.com/site/ceue2010/system/app/pages/reportAbusec86e.html]
[sites.google.com/site/ceue2010/system/app/css/overlaybbb3.css]
[sites.google.com/site/ceue2010/_/rsrc/1291063356000/system/app/themes/notebook/standard-css-notebook-ltr-ltr.css]
[sites.google.com/site/ceue2010/_/tz.html]
[sites.google.com/site/ceue2010/home.html]
[sites.google.com/site/ceue2010/debate/fotos.html]
[sites.google.com/site/ceue2010/system/app/pages/reportAbuse3efc.html]
[sites.google.com/site/ceue2010/debate/fotos-1.html]
[sites.google.com/site/ceue2010/system/app/pages/reportAbuse9c48.html]
[sites.google.com/site/ceue2010/system/app/pages/reportAbuseef46.html]
[sites.google.com/site/ceue2010/system/app/pages/reportAbused67d.html]
[sites.google.com/site/ceue2010/system/app/pages/reportAbusebc7a.html]
[sites.google.com/site/ceue2010/system/app/pages/reportAbuse3f38.html]
[sites.google.com/site/ceue2010/system/app/pages/reportAbuse44ee.html]
[sites.google.com/site/ceue2010/system/app/pages/reportAbusead17.html]
[sites.google.com/site/ceue2010/system/app/pages/reportAbuse84c3.html]
[sites.google.com/site/ceue2010/system/app/pages/reportAbuse9a83.html]
[sites.google.com/site/ceue2010/system/app/pages/reportAbusefb69.html]
[sites.google.com/site/ceue2010/system/app/pages/reportAbuse0ba7.html]
[sites.google.com/site/ceue2010/system/app/pages/reportAbuse6ec4.html]
[sites.google.com/site/ceue2010/system/app/pages/reportAbusee1e6.html]
[sites.google.com/site/ceue2010/system/app/pages/reportAbuse0935.html]
[sites.google.com/site/ceue2010/system/app/pages/reportAbusee7ea.html]
[sites.google.com/site/ceue2010/system/app/pages/reportAbuse95fd.html]
[sites.google.com/site/ceue2010/system/app/pages/reportAbusefefd.html]
[sites.google.com/site/ceue2010/system/app/pages/reportAbuse9963.html]
[sites.google.com/site/ceue2010/system/app/pages/reportAbusea6b4.html]
[www.gstatic.com/sites/p/4609d5/system/app/pagetypes/filecabinet/icon-folder.gif]
[www.gstatic.com/sites/p/4609d5/system/app/pagetypes/filecabinet/icon-trash.gif]
[www.gstatic.com/sites/p/4609d5/system/app/images/icon_new.gif]
[www.gstatic.com/sites/p/4609d5/system/app/images/icon_sprites.gif]
[www.gstatic.com/sites/p/4609d5/system/app/pagetypes/filecabinet/filecabinet.css]
[sites.google.com/site/ceue2010/system/app/pages/admin/revisions56ae.html]
[sites.google.com/site/ceue2010/system/app/pages/reportAbuse02ec.html]
[sites.google.com/site/ceue2010/system/app/pages/reportAbuseb919.html]
[sites.google.com/site/ceue2010/system/app/pages/reportAbusef1c4.html]
[sites.google.com/site/ceue2010/system.html]
[sites.google.com/site/ceue2010/system/app.html]
[sites.google.com/site/ceue2010/system/app/pages.html]
[sites.google.com/site/ceue2010/system/errors/NodeNotFounde928.html]
[sites.google.com/site/ceue2010/system/errors/NodeNotFound8eb2.html]
[sites.google.com/site/ceue2010/sugestoes-para-2010.html]
[sites.google.com/site/ceue2010/system/app/pages/reportAbuse10e1.html]
[sites.google.com/site/ceue2010/home/resultado eleicao3.8c6fb5.delayed]
[1639486487705724566-a-1802744773732722657-s-sites.googlegroups.com/site/ceue2010/home/resultado eleicao332ee.JPG]
[sites.google.com/site/ceue2010/home/resultado eleicao2.8e6fb5.delayed]
[1639486487705724566-a-1802744773732722657-s-sites.googlegroups.com/site/ceue2010/home/resultado eleicao2994e.JPG]
[sites.google.com/site/ceue2010/home/resultado eleicao.906fb5.delayed]
[1639486487705724566-a-1802744773732722657-s-sites.googlegroups.com/site/ceue2010/home/resultado eleicaof676.JPG]
[sites.google.com/site/ceue2010/system/errors/NodeNotFound6e6f.html]
[sites.google.com/site/ceue2010/system/errors/NodeNotFound8905.html]
[sites.google.com/site/ceue2010/system/errors/NodeNotFound2207.html]
[sites.google.com/site/ceue2010/system/errors/NodeNotFounde596.html]
[sites.google.com/site/ceue2010/system/errors/NodeNotFound04cf.html]
[sites.google.com/site/ceue2010/system/errors/NodeNotFound6505.html]
[sites.google.com/site/ceue2010/system/app/pages/recentChangese164.html]
[sites.google.com/site/ceue2010/system/app/pages/recentChanges4c30.html]
[sites.google.com/site/ceue2010/system/app/pages/reportAbuse2039.html]
[sites.google.com/site/ceue2010/_/rsrc/1291063356000/system/app/css/overlaybc84.css]
[sites.google.com/site/ceue2010/system/app/pages/recentChangesf13c.html]
[sites.google.com/site/ceue2010/system/app/pages/reportAbuse3efc.html]
[sites.google.com/site/ceue2010/system/app/pages/reportAbusea6b4.html]
[sites.google.com/site/ceue2010/system/app/pages/reportAbuse10e1.html]
[sites.google.com/site/ceue2010/system/errors/NodeNotFound6e6f.html]
[sites.google.com/site/ceue2010/system/errors/NodeNotFound8905.html]
[sites.google.com/site/ceue2010/system/errors/NodeNotFound2207.html]
[sites.google.com/site/ceue2010/system/errors/NodeNotFounde596.html]
[sites.google.com/site/ceue2010/system/errors/NodeNotFound04cf.html]
[sites.google.com/site/ceue2010/system/errors/NodeNotFound6505.html]
[sites.google.com/site/ceue2010/system/app/pages/recentChangese164.html]
[sites.google.com/site/ceue2010/system/app/pages/recentChangesf13c.html]
[sites.google.com/site/ceue2010/system/app/pages/recentChanges79ee.html]
[sites.google.com/site/ceue2010/system/errors/NodeNotFoundfe4f.html]
[sites.google.com/site/ceue2010/system/errors/NodeNotFound7017.html]
[sites.google.com/site/ceue2010/system/app/pages/recentChanges79ee.html]
[sites.google.com/site/ceue2010/system/errors/NodeNotFoundfe4f.html]
[sites.google.com/site/ceue2010/system/errors/NodeNotFound7017.html]
[sites.google.com/site/ceue2010/system/app/pages/recentChanges1206.html]
[sites.google.com/site/ceue2010/system/app/pages/recentChanges1206.html]
[sites.google.com/site/ceue2010/system/app/pages/recentChanges0e37.html]
[sites.google.com/site/ceue2010/documentos/estatuto_ceue.ab6fb5.delayed]
[sites.google.com/site/ceue2010/documentos/ListagemdosSubcentros.ac6fb5.delayed]
[sites.google.com/site/ceue2010/system/app/pages/recentChanges0e37.html]
[sites.google.com/site/ceue2010/system/app/pages/recentChangesbb6e.html]
[sites.google.com/site/ceue2010/home/iwantyoupeq.af6fb5.delayed]
[1639486487705724566-a-1802744773732722657-s-sites.googlegroups.com/site/ceue2010/home/iwantyoupeq7f52.jpg]
[sites.google.com/site/ceue2010/documentos/FichadeinscriçãonaschapasdosSubcentros.b26fb5.delayed]
[sites.google.com/site/ceue2010/documentos/FichadeinscriçãodachapanoCEUE.b36fb5.delayed]
[sites.google.com/site/ceue2010/documentos/ConselhodoCEUE.b56fb5.delayed]
[sites.google.com/site/ceue2010/documentos/ApoiadoresdaschapasdosSubcentros.b66fb5.delayed]
[sites.google.com/site/ceue2010/documentos/ApoiadoresdasChapas.b76fb5.delayed]
[sites.google.com/site/ceue2010/system/app/pages/recentChangesbb6e.html]
[sites.google.com/site/ceue2010/system/errors/NodeNotFound68e2.html]
[sites.google.com/site/ceue2010/system/errors/NodeNotFound68e2.html]
